Using pre-set license
Built from '2021.1/staging' branch; Version is '2021.1.19f1 (5f5eb8bbdc25) revision 6250168'; Using compiler version '192528614'; Build Type 'Release'
OS: 'Windows 10 Pro; OS build 19043.1237; Version 2009; 64bit' Language: 'ru' Physical Memory: 12270 MB
BatchMode: 1, IsHumanControllingUs: 0, StartBugReporterOnCrash: 0, Is64bit: 1, IsPro: 0

COMMAND LINE ARGUMENTS:
C:\Program Files\Unity\Hub\Editor\2021.1.19f1\Editor\Unity.exe
-adb2
-batchMode
-noUpm
-name
AssetImportWorker3
-projectPath
C:/Users/Andrew/Documents/GitHub/2Drunner/2Drunner
-logFile
Logs/AssetImportWorker3.log
-srvPort
53848
Successfully changed project path to: C:/Users/Andrew/Documents/GitHub/2Drunner/2Drunner
C:/Users/Andrew/Documents/GitHub/2Drunner/2Drunner
Using Asset Import Pipeline V2.
Refreshing native plugins compatible for Editor in 184.14 ms, found 4 plugins.
Preloading 0 native plugins for Editor in 0.00 ms.
Initialize engine version: 2021.1.19f1 (5f5eb8bbdc25)
[Subsystems] Discovering subsystems at path C:/Program Files/Unity/Hub/Editor/2021.1.19f1/Editor/Data/Resources/UnitySubsystems
[Subsystems] Discovering subsystems at path C:/Users/Andrew/Documents/GitHub/2Drunner/2Drunner/Assets
GfxDevice: creating device client; threaded=0; jobified=0
Direct3D:
    Version:  Direct3D 11.0 [level 11.1]
    Renderer: NVIDIA GeForce GTX 1050 (ID=0x1c81)
    Vendor:   NVIDIA
    VRAM:     1977 MB
    Driver:   30.0.14.7212
Initialize mono
Mono path[0] = 'C:/Program Files/Unity/Hub/Editor/2021.1.19f1/Editor/Data/Managed'
Mono path[1] = 'C:/Program Files/Unity/Hub/Editor/2021.1.19f1/Editor/Data/MonoBleedingEdge/lib/mono/unityjit'
Mono config path = 'C:/Program Files/Unity/Hub/Editor/2021.1.19f1/Editor/Data/MonoBleedingEdge/etc'
Using monoOptions --debugger-agent=transport=dt_socket,embedding=1,server=y,suspend=n,address=127.0.0.1:56000
Begin MonoManager ReloadAssembly
Registering precompiled unity dll's ...
Register platform support module: C:/Program Files/Unity/Hub/Editor/2021.1.19f1/Editor/Data/PlaybackEngines/WebGLSupport/UnityEditor.WebGL.Extensions.dll
Register platform support module: C:/Program Files/Unity/Hub/Editor/2021.1.19f1/Editor/Data/PlaybackEngines/WindowsStandaloneSupport/UnityEditor.WindowsStandalone.Extensions.dll
Registered in 0.004014 seconds.
Native extension for WindowsStandalone target not found
Native extension for WebGL target not found
Refreshing native plugins compatible for Editor in 186.05 ms, found 4 plugins.
Preloading 0 native plugins for Editor in 0.00 ms.
Mono: successfully reloaded assembly
- Completed reload, in  3.413 seconds
Domain Reload Profiling:
	ReloadAssembly (3413ms)
		BeginReloadAssembly (107ms)
			ExecutionOrderSort (0ms)
			DisableScriptedObjects (0ms)
			BackupInstance (0ms)
			ReleaseScriptingObjects (0ms)
			CreateAndSetChildDomain (1ms)
		EndReloadAssembly (909ms)
			LoadAssemblies (104ms)
			RebuildTransferFunctionScriptingTraits (0ms)
			SetupTypeCache (339ms)
			ReleaseScriptCaches (0ms)
			RebuildScriptCaches (54ms)
			SetupLoadedEditorAssemblies (434ms)
				LogAssemblyErrors (0ms)
				InitializePlatformSupportModulesInManaged (11ms)
				SetLoadedEditorAssemblies (0ms)
				RefreshPlugins (186ms)
				BeforeProcessingInitializeOnLoad (3ms)
				ProcessInitializeOnLoadAttributes (177ms)
				ProcessInitializeOnLoadMethodAttributes (57ms)
				AfterProcessingInitializeOnLoad (0ms)
				EditorAssembliesLoaded (0ms)
			ExecutionOrderSort2 (0ms)
			AwakeInstancesAfterBackupRestoration (0ms)
Platform modules already initialized, skipping
Registering precompiled user dll's ...
Registered in 0.009550 seconds.
Begin MonoManager ReloadAssembly
Symbol file LoadedFromMemory doesn't match image C:\Users\Andrew\Documents\GitHub\2Drunner\2Drunner\Library\PackageCache\com.unity.visualscripting@1.6.1\Editor\VisualScripting.Core\Dependencies\YamlDotNet\Unity.VisualScripting.YamlDotNet.dll
Symbol file LoadedFromMemory doesn't match image C:\Users\Andrew\Documents\GitHub\2Drunner\2Drunner\Library\PackageCache\com.unity.visualscripting@1.6.1\Editor\VisualScripting.Core\Dependencies\DotNetZip\Unity.VisualScripting.IonicZip.dll
Native extension for WindowsStandalone target not found
Native extension for WebGL target not found
Refreshing native plugins compatible for Editor in 196.87 ms, found 4 plugins.
Preloading 0 native plugins for Editor in 0.00 ms.
Mono: successfully reloaded assembly
- Completed reload, in  2.458 seconds
Domain Reload Profiling:
	ReloadAssembly (2459ms)
		BeginReloadAssembly (318ms)
			ExecutionOrderSort (0ms)
			DisableScriptedObjects (9ms)
			BackupInstance (0ms)
			ReleaseScriptingObjects (0ms)
			CreateAndSetChildDomain (40ms)
		EndReloadAssembly (2021ms)
			LoadAssemblies (240ms)
			RebuildTransferFunctionScriptingTraits (0ms)
			SetupTypeCache (708ms)
			ReleaseScriptCaches (1ms)
			RebuildScriptCaches (115ms)
			SetupLoadedEditorAssemblies (779ms)
				LogAssemblyErrors (0ms)
				InitializePlatformSupportModulesInManaged (9ms)
				SetLoadedEditorAssemblies (0ms)
				RefreshPlugins (197ms)
				BeforeProcessingInitializeOnLoad (159ms)
				ProcessInitializeOnLoadAttributes (376ms)
				ProcessInitializeOnLoadMethodAttributes (25ms)
				AfterProcessingInitializeOnLoad (13ms)
				EditorAssembliesLoaded (0ms)
			ExecutionOrderSort2 (0ms)
			AwakeInstancesAfterBackupRestoration (13ms)
Platform modules already initialized, skipping
========================================================================
Worker process is ready to serve import requests
Launched and connected shader compiler UnityShaderCompiler.exe after 0.13 seconds
Refreshing native plugins compatible for Editor in 1.32 ms, found 4 plugins.
Preloading 0 native plugins for Editor in 0.00 ms.
Unloading 3676 Unused Serialized files (Serialized files now loaded: 0)
System memory in use before: 136.2 MB.
System memory in use after: 136.5 MB.

Unloading 30 unused Assets to reduce memory usage. Loaded Objects now: 4125.
Total: 6.519100 ms (FindLiveObjects: 0.550000 ms CreateObjectMapping: 0.210000 ms MarkObjects: 5.655400 ms  DeleteObjects: 0.101300 ms)

AssetImportParameters requested are different than current active one (requested -> active):
  custom:framework-win-MediaFoundation: 216162199b28c13a410421893ffa2e32 -> 
  custom:video-decoder-ogg-theora: a1e56fd34408186e4bbccfd4996cb3dc -> 
  custom:container-muxer-webm: aa71ff27fc2769a1b78a27578f13a17b -> 
  custom:container-demuxer-webm: 4f35f7cbe854078d1ac9338744f61a02 -> 
  custom:container-demuxer-ogg: 62fdf1f143b41e24485cea50d1cbac27 -> 
  custom:video-encoder-webm-vp8: eb34c28f22e8b96e1ab97ce403110664 -> 
  custom:video-decoder-webm-vp8: 9c59270c3fd7afecdb556c50c9e8de78 -> 
  custom:audio-decoder-ogg-vorbis: bf7c407c2cedff20999df2af8eb42d56 -> 
  custom:audio-encoder-webm-vorbis: bf7c407c2cedff20999df2af8eb42d56 -> 
========================================================================
Received Import Request.
  path: Assets/Scenes/Test 1.unity
  artifactKey: Guid(a2eb8ae9ebdcdc64ca344a30b0aafd9e) Importer(815301076,1909f56bfc062723c751e8b465ee728b)
Start importing Assets/Scenes/Test 1.unity using Guid(a2eb8ae9ebdcdc64ca344a30b0aafd9e) Importer(815301076,1909f56bfc062723c751e8b465ee728b)  -> (artifact id: 'be485ad75e9a1b0e43797aa67900a854') in 0.042152 seconds 
========================================================================
Received Import Request.
  Time since last request: 5.496835 seconds.
  path: Assets/Scenes/Menu.unity
  artifactKey: Guid(a2eb8ae9ebdcdc64ca344a30b0aafd9e) Importer(815301076,1909f56bfc062723c751e8b465ee728b)
Start importing Assets/Scenes/Menu.unity using Guid(a2eb8ae9ebdcdc64ca344a30b0aafd9e) Importer(815301076,1909f56bfc062723c751e8b465ee728b)  -> (artifact id: 'b39d8dacbd2d1a2bcdb67ae6a6e9cdf3') in 0.018654 seconds 
========================================================================
Received Prepare
Registering precompiled user dll's ...
Registered in 0.008580 seconds.
Begin MonoManager ReloadAssembly
Symbol file LoadedFromMemory doesn't match image C:\Users\Andrew\Documents\GitHub\2Drunner\2Drunner\Library\PackageCache\com.unity.visualscripting@1.6.1\Editor\VisualScripting.Core\Dependencies\YamlDotNet\Unity.VisualScripting.YamlDotNet.dll
Symbol file LoadedFromMemory doesn't match image C:\Users\Andrew\Documents\GitHub\2Drunner\2Drunner\Library\PackageCache\com.unity.visualscripting@1.6.1\Editor\VisualScripting.Core\Dependencies\DotNetZip\Unity.VisualScripting.IonicZip.dll
Native extension for WindowsStandalone target not found
Native extension for WebGL target not found
Refreshing native plugins compatible for Editor in 1.24 ms, found 4 plugins.
Preloading 0 native plugins for Editor in 0.00 ms.
Mono: successfully reloaded assembly
- Completed reload, in  2.127 seconds
Domain Reload Profiling:
	ReloadAssembly (2128ms)
		BeginReloadAssembly (255ms)
			ExecutionOrderSort (0ms)
			DisableScriptedObjects (15ms)
			BackupInstance (0ms)
			ReleaseScriptingObjects (0ms)
			CreateAndSetChildDomain (71ms)
		EndReloadAssembly (1741ms)
			LoadAssemblies (199ms)
			RebuildTransferFunctionScriptingTraits (0ms)
			SetupTypeCache (722ms)
			ReleaseScriptCaches (2ms)
			RebuildScriptCaches (92ms)
			SetupLoadedEditorAssemblies (540ms)
				LogAssemblyErrors (0ms)
				InitializePlatformSupportModulesInManaged (10ms)
				SetLoadedEditorAssemblies (1ms)
				RefreshPlugins (1ms)
				BeforeProcessingInitializeOnLoad (122ms)
				ProcessInitializeOnLoadAttributes (379ms)
				ProcessInitializeOnLoadMethodAttributes (15ms)
				AfterProcessingInitializeOnLoad (12ms)
				EditorAssembliesLoaded (0ms)
			ExecutionOrderSort2 (0ms)
			AwakeInstancesAfterBackupRestoration (20ms)
Platform modules already initialized, skipping
Switching build target platform(19) subTarget(0) extendedPlatform(0) -> platform(13) subTarget(537395200) extendedPlatform(0)
Refreshing native plugins compatible for Editor in 1.34 ms, found 4 plugins.
Preloading 0 native plugins for Editor in 0.00 ms.
Unloading 3669 Unused Serialized files (Serialized files now loaded: 0)
System memory in use before: 135.8 MB.
System memory in use after: 136.0 MB.

Unloading 18 unused Assets to reduce memory usage. Loaded Objects now: 4128.
Total: 6.364500 ms (FindLiveObjects: 0.621700 ms CreateObjectMapping: 0.240300 ms MarkObjects: 5.457800 ms  DeleteObjects: 0.042700 ms)

AssetImportParameters requested are different than current active one (requested -> active):
  custom:framework-win-MediaFoundation: 216162199b28c13a410421893ffa2e32 -> 
  custom:video-decoder-ogg-theora: a1e56fd34408186e4bbccfd4996cb3dc -> 
  custom:container-muxer-webm: aa71ff27fc2769a1b78a27578f13a17b -> 
  custom:container-demuxer-webm: 4f35f7cbe854078d1ac9338744f61a02 -> 
  custom:container-demuxer-ogg: 62fdf1f143b41e24485cea50d1cbac27 -> 
  custom:video-encoder-webm-vp8: eb34c28f22e8b96e1ab97ce403110664 -> 
  custom:video-decoder-webm-vp8: 9c59270c3fd7afecdb556c50c9e8de78 -> 
  custom:graphics/normal-map-encoding: 01000000000000000000000000000000 -> 02000000000000000000000000000000
  custom:audio-decoder-ogg-vorbis: bf7c407c2cedff20999df2af8eb42d56 -> 
  custom:audio-encoder-webm-vorbis: bf7c407c2cedff20999df2af8eb42d56 -> 
========================================================================
Received Import Request.
  Time since last request: 159.331337 seconds.
  path: Assets/Scenes/Menu 1.unity
  artifactKey: Guid(cec785c8073348647974729e950b3b73) Importer(815301076,1909f56bfc062723c751e8b465ee728b)
Start importing Assets/Scenes/Menu 1.unity using Guid(cec785c8073348647974729e950b3b73) Importer(815301076,1909f56bfc062723c751e8b465ee728b)  -> (artifact id: '8450581d1b196a224382424adb80bbc2') in 0.050262 seconds 
========================================================================
Received Import Request.
  Time since last request: 5.391539 seconds.
  path: Assets/Scenes/Level.unity
  artifactKey: Guid(cec785c8073348647974729e950b3b73) Importer(815301076,1909f56bfc062723c751e8b465ee728b)
Start importing Assets/Scenes/Level.unity using Guid(cec785c8073348647974729e950b3b73) Importer(815301076,1909f56bfc062723c751e8b465ee728b)  -> (artifact id: 'ae7b0c480ebb04793a3ab4511e7b354c') in 0.013641 seconds 
========================================================================
Received Import Request.
  Time since last request: 1.438156 seconds.
  path: Assets/Scenes/Test.unity
  artifactKey: Guid(2cda990e2423bbf4892e6590ba056729) Importer(815301076,1909f56bfc062723c751e8b465ee728b)
Start importing Assets/Scenes/Test.unity using Guid(2cda990e2423bbf4892e6590ba056729) Importer(815301076,1909f56bfc062723c751e8b465ee728b)  -> (artifact id: '9917ac64bd36b581c2df001f24957b5a') in 0.013034 seconds 
========================================================================
Received Import Request.
  Time since last request: 3.814664 seconds.
  path: Assets/Scenes/Menu.unity
  artifactKey: Guid(a2eb8ae9ebdcdc64ca344a30b0aafd9e) Importer(815301076,1909f56bfc062723c751e8b465ee728b)
Start importing Assets/Scenes/Menu.unity using Guid(a2eb8ae9ebdcdc64ca344a30b0aafd9e) Importer(815301076,1909f56bfc062723c751e8b465ee728b)  -> (artifact id: 'b22750b73cffe2a7e79071ab0f04705b') in 0.006694 seconds 
========================================================================
Received Import Request.
  Time since last request: 34.039612 seconds.
  path: Assets/Scenes/Game.unity
  artifactKey: Guid(cec785c8073348647974729e950b3b73) Importer(815301076,1909f56bfc062723c751e8b465ee728b)
Start importing Assets/Scenes/Game.unity using Guid(cec785c8073348647974729e950b3b73) Importer(815301076,1909f56bfc062723c751e8b465ee728b)  -> (artifact id: 'cabd6e0eab1289221e3ff5910c12eb70') in 0.014122 seconds 
========================================================================
Received Import Request.
  Time since last request: 11.562663 seconds.
  path: Assets
  artifactKey: Guid(00000000000000001000000000000000) Importer(815301076,1909f56bfc062723c751e8b465ee728b)
Start importing Assets using Guid(00000000000000001000000000000000) Importer(815301076,1909f56bfc062723c751e8b465ee728b)  -> (artifact id: '68a4034d3d715da871e781da702f0bc5') in 0.012547 seconds 
========================================================================
Received Import Request.
  Time since last request: 8.185877 seconds.
  path: Assets/Materials
  artifactKey: Guid(94dfb703ee872ef4884a97f44e144c3c) Importer(815301076,1909f56bfc062723c751e8b465ee728b)
Start importing Assets/Materials using Guid(94dfb703ee872ef4884a97f44e144c3c) Importer(815301076,1909f56bfc062723c751e8b465ee728b)  -> (artifact id: '06782b40425219a0ba9927ccb3301546') in 0.013926 seconds 
========================================================================
Received Import Request.
  Time since last request: 8.572514 seconds.
  path: Assets/Scripts
  artifactKey: Guid(4b3a9f0fd5bc05549942115748f972fc) Importer(815301076,1909f56bfc062723c751e8b465ee728b)
Start importing Assets/Scripts using Guid(4b3a9f0fd5bc05549942115748f972fc) Importer(815301076,1909f56bfc062723c751e8b465ee728b)  -> (artifact id: 'fb7817c1b9f2ca65a44efbd6cb3ac183') in 0.013920 seconds 
========================================================================
Received Import Request.
  Time since last request: 114.045863 seconds.
  path: Assets/Materials/gameicons
  artifactKey: Guid(88b0534f9db4fcd49bc1a48230eae2ca) Importer(815301076,1909f56bfc062723c751e8b465ee728b)
Start importing Assets/Materials/gameicons using Guid(88b0534f9db4fcd49bc1a48230eae2ca) Importer(815301076,1909f56bfc062723c751e8b465ee728b)  -> (artifact id: '28cf92cdbe17284cdec6c5605fea5b7a') in 0.018274 seconds 
========================================================================
Received Import Request.
  Time since last request: 0.189132 seconds.
  path: Assets/Materials/gameicons/preview.png
  artifactKey: Guid(ee590114ad90c284b9cbf894732f63b0) Importer(815301076,1909f56bfc062723c751e8b465ee728b)
Start importing Assets/Materials/gameicons/preview.png using Guid(ee590114ad90c284b9cbf894732f63b0) Importer(815301076,1909f56bfc062723c751e8b465ee728b)  -> (artifact id: '92e6e4961bf41e05127cb2b495cffbd7') in 0.149949 seconds 
========================================================================
Received Import Request.
  Time since last request: 7.781241 seconds.
  path: Assets/Materials/gameicons/PNG
  artifactKey: Guid(3ea1ac8174932de4d8f294d7908ecea4) Importer(815301076,1909f56bfc062723c751e8b465ee728b)
Start importing Assets/Materials/gameicons/PNG using Guid(3ea1ac8174932de4d8f294d7908ecea4) Importer(815301076,1909f56bfc062723c751e8b465ee728b)  -> (artifact id: '931589422d2a8b9cea176ced915118c3') in 0.016169 seconds 
========================================================================
Received Import Request.
  Time since last request: 0.885664 seconds.
  path: Assets/Materials/gameicons/PNG/Black
  artifactKey: Guid(932a3708eaa134a4e8df8b9a943f9015) Importer(815301076,1909f56bfc062723c751e8b465ee728b)
Start importing Assets/Materials/gameicons/PNG/Black using Guid(932a3708eaa134a4e8df8b9a943f9015) Importer(815301076,1909f56bfc062723c751e8b465ee728b)  -> (artifact id: '498805c739e56f119345953bfc3880d8') in 0.016308 seconds 
========================================================================
Received Import Request.
  Time since last request: 1.800871 seconds.
  path: Assets/Materials/gameicons/PNG/Black/1x
  artifactKey: Guid(3c1edf285a01c8f4e96484b90d1f7d8f) Importer(815301076,1909f56bfc062723c751e8b465ee728b)
Start importing Assets/Materials/gameicons/PNG/Black/1x using Guid(3c1edf285a01c8f4e96484b90d1f7d8f) Importer(815301076,1909f56bfc062723c751e8b465ee728b)  -> (artifact id: '307fad2fe0732329609ac688d3ecc830') in 0.012807 seconds 
========================================================================
Received Import Request.
  Time since last request: 4.155041 seconds.
  path: Assets/Materials/gameicons/PNG/White
  artifactKey: Guid(84f7d251bd7b61b47864154c2e1d33a9) Importer(815301076,1909f56bfc062723c751e8b465ee728b)
Start importing Assets/Materials/gameicons/PNG/White using Guid(84f7d251bd7b61b47864154c2e1d33a9) Importer(815301076,1909f56bfc062723c751e8b465ee728b)  -> (artifact id: 'f14e430f137410a007ccc082dbf09f15') in 0.012197 seconds 
========================================================================
Received Import Request.
  Time since last request: 0.681917 seconds.
  path: Assets/Materials/gameicons/PNG/White/1x
  artifactKey: Guid(7e0e6be370837c347942cec2527f9f14) Importer(815301076,1909f56bfc062723c751e8b465ee728b)
Start importing Assets/Materials/gameicons/PNG/White/1x using Guid(7e0e6be370837c347942cec2527f9f14) Importer(815301076,1909f56bfc062723c751e8b465ee728b)  -> (artifact id: 'fdf957b8aeb588ffab0bbb0dbc4beb14') in 0.006051 seconds 
========================================================================
Received Import Request.
  Time since last request: 0.299207 seconds.
  path: Assets/Materials/gameicons/PNG/White/1x/arrowDown.png
  artifactKey: Guid(3d444120001b6424ea66fa74865e0e61) Importer(815301076,1909f56bfc062723c751e8b465ee728b)
Start importing Assets/Materials/gameicons/PNG/White/1x/arrowDown.png using Guid(3d444120001b6424ea66fa74865e0e61) Importer(815301076,1909f56bfc062723c751e8b465ee728b)  -> (artifact id: '07ddbd3a469d0475182a2addd48c2e48') in 0.021921 seconds 
========================================================================
Received Import Request.
  Time since last request: 0.000397 seconds.
  path: Assets/Materials/gameicons/PNG/White/1x/audioOff.png
  artifactKey: Guid(03563d4e22cc8d947b2399eb6c225b7e) Importer(815301076,1909f56bfc062723c751e8b465ee728b)
Start importing Assets/Materials/gameicons/PNG/White/1x/audioOff.png using Guid(03563d4e22cc8d947b2399eb6c225b7e) Importer(815301076,1909f56bfc062723c751e8b465ee728b)  -> (artifact id: '7eab1ffd146d7b8b21e9f2cf42cc4455') in 0.027971 seconds 
========================================================================
Received Import Request.
  Time since last request: 0.000280 seconds.
  path: Assets/Materials/gameicons/PNG/White/1x/cross.png
  artifactKey: Guid(91bb5168070c46c44973782b5f0cb03e) Importer(815301076,1909f56bfc062723c751e8b465ee728b)
Start importing Assets/Materials/gameicons/PNG/White/1x/cross.png using Guid(91bb5168070c46c44973782b5f0cb03e) Importer(815301076,1909f56bfc062723c751e8b465ee728b)  -> (artifact id: '5d1273d1cdbb49fde5c3b76bc9488165') in 0.023792 seconds 
========================================================================
Received Import Request.
  Time since last request: 0.000351 seconds.
  path: Assets/Materials/gameicons/PNG/White/1x/button1.png
  artifactKey: Guid(089e2cd148b91de49bdccd3beea6f33f) Importer(815301076,1909f56bfc062723c751e8b465ee728b)
Start importing Assets/Materials/gameicons/PNG/White/1x/button1.png using Guid(089e2cd148b91de49bdccd3beea6f33f) Importer(815301076,1909f56bfc062723c751e8b465ee728b)  -> (artifact id: 'df7f3944936df472a1d0e0288cd93866') in 0.024662 seconds 
========================================================================
Received Import Request.
  Time since last request: 0.000246 seconds.
  path: Assets/Materials/gameicons/PNG/White/1x/buttonB.png
  artifactKey: Guid(bcb2511b343a3f346b1066d4f712f7fe) Importer(815301076,1909f56bfc062723c751e8b465ee728b)
Start importing Assets/Materials/gameicons/PNG/White/1x/buttonB.png using Guid(bcb2511b343a3f346b1066d4f712f7fe) Importer(815301076,1909f56bfc062723c751e8b465ee728b)  -> (artifact id: '445b653b1c12fcf2df2e9f9692f4ab76') in 0.023543 seconds 
========================================================================
Received Import Request.
  Time since last request: 0.000281 seconds.
  path: Assets/Materials/gameicons/PNG/White/1x/button2.png
  artifactKey: Guid(085ac3586ae567a47adc73030aa18269) Importer(815301076,1909f56bfc062723c751e8b465ee728b)
Start importing Assets/Materials/gameicons/PNG/White/1x/button2.png using Guid(085ac3586ae567a47adc73030aa18269) Importer(815301076,1909f56bfc062723c751e8b465ee728b)  -> (artifact id: '56cca4d2bab7c05a50957a64b1caadf7') in 0.024405 seconds 
========================================================================
Received Import Request.
  Time since last request: 0.000310 seconds.
  path: Assets/Materials/gameicons/PNG/White/1x/buttonX.png
  artifactKey: Guid(19cebab8a2ecabd4287d3a37c3caa574) Importer(815301076,1909f56bfc062723c751e8b465ee728b)
Start importing Assets/Materials/gameicons/PNG/White/1x/buttonX.png using Guid(19cebab8a2ecabd4287d3a37c3caa574) Importer(815301076,1909f56bfc062723c751e8b465ee728b)  -> (artifact id: 'db408cc1ef4d978008fcef029b20a860') in 0.025557 seconds 
========================================================================
Received Import Request.
  Time since last request: 0.000295 seconds.
  path: Assets/Materials/gameicons/PNG/White/1x/buttonR1.png
  artifactKey: Guid(573ad1b222f011543becaee2d98dd844) Importer(815301076,1909f56bfc062723c751e8b465ee728b)
Start importing Assets/Materials/gameicons/PNG/White/1x/buttonR1.png using Guid(573ad1b222f011543becaee2d98dd844) Importer(815301076,1909f56bfc062723c751e8b465ee728b)  -> (artifact id: 'b2d6018fb013ee9d372fcb6ffe9e3468') in 0.023695 seconds 
========================================================================
Received Import Request.
  Time since last request: 0.000310 seconds.
  path: Assets/Materials/gameicons/PNG/White/1x/arrowUp.png
  artifactKey: Guid(385c42619886c304fb25a280c2d9387a) Importer(815301076,1909f56bfc062723c751e8b465ee728b)
Start importing Assets/Materials/gameicons/PNG/White/1x/arrowUp.png using Guid(385c42619886c304fb25a280c2d9387a) Importer(815301076,1909f56bfc062723c751e8b465ee728b)  -> (artifact id: '42b90646fbd8635da78c6632897446e6') in 0.025510 seconds 
========================================================================
Received Import Request.
  Time since last request: 0.000260 seconds.
  path: Assets/Materials/gameicons/PNG/White/1x/down.png
  artifactKey: Guid(326f723a87782a6458e00ab633a018f6) Importer(815301076,1909f56bfc062723c751e8b465ee728b)
Start importing Assets/Materials/gameicons/PNG/White/1x/down.png using Guid(326f723a87782a6458e00ab633a018f6) Importer(815301076,1909f56bfc062723c751e8b465ee728b)  -> (artifact id: 'aba1670192923fb9cd7b1445604f0eb3') in 0.024393 seconds 
========================================================================
Received Import Request.
  Time since last request: 0.000376 seconds.
  path: Assets/Materials/gameicons/PNG/White/1x/arrowRight.png
  artifactKey: Guid(52126dc270d53414c8c7f8eba1b5c366) Importer(815301076,1909f56bfc062723c751e8b465ee728b)
Start importing Assets/Materials/gameicons/PNG/White/1x/arrowRight.png using Guid(52126dc270d53414c8c7f8eba1b5c366) Importer(815301076,1909f56bfc062723c751e8b465ee728b)  -> (artifact id: '8446b1581bc680c76fe3f0e3f12131e3') in 0.022471 seconds 
========================================================================
Received Import Request.
  Time since last request: 0.000287 seconds.
  path: Assets/Materials/gameicons/PNG/White/1x/buttonY.png
  artifactKey: Guid(54ad89d1e5851e545b1df1706d10efa8) Importer(815301076,1909f56bfc062723c751e8b465ee728b)
Start importing Assets/Materials/gameicons/PNG/White/1x/buttonY.png using Guid(54ad89d1e5851e545b1df1706d10efa8) Importer(815301076,1909f56bfc062723c751e8b465ee728b)  -> (artifact id: '26a45cc11cad2f0d90a8913d45f11499') in 0.027287 seconds 
========================================================================
Received Import Request.
  Time since last request: 0.000271 seconds.
  path: Assets/Materials/gameicons/PNG/White/1x/buttonR.png
  artifactKey: Guid(f18c8de29ffa92d40bd7c86bca3b3d5d) Importer(815301076,1909f56bfc062723c751e8b465ee728b)
Start importing Assets/Materials/gameicons/PNG/White/1x/buttonR.png using Guid(f18c8de29ffa92d40bd7c86bca3b3d5d) Importer(815301076,1909f56bfc062723c751e8b465ee728b)  -> (artifact id: 'd5bd19c613bdf71ea26cde76ef536984') in 0.026368 seconds 
========================================================================
Received Import Request.
  Time since last request: 0.000310 seconds.
  path: Assets/Materials/gameicons/PNG/White/1x/basket.png
  artifactKey: Guid(cf08f018e469c18438de212dcc3591f5) Importer(815301076,1909f56bfc062723c751e8b465ee728b)
Start importing Assets/Materials/gameicons/PNG/White/1x/basket.png using Guid(cf08f018e469c18438de212dcc3591f5) Importer(815301076,1909f56bfc062723c751e8b465ee728b)  -> (artifact id: '157b8116368d35fbea1c2a36775e64c6') in 0.025453 seconds 
========================================================================
Received Import Request.
  Time since last request: 0.000268 seconds.
  path: Assets/Materials/gameicons/PNG/White/1x/button3.png
  artifactKey: Guid(486aa85f373d2494e9bfd964f19c4349) Importer(815301076,1909f56bfc062723c751e8b465ee728b)
Start importing Assets/Materials/gameicons/PNG/White/1x/button3.png using Guid(486aa85f373d2494e9bfd964f19c4349) Importer(815301076,1909f56bfc062723c751e8b465ee728b)  -> (artifact id: 'dccb68163e04ef103ca3ec20b151e59c') in 0.022460 seconds 
========================================================================
Received Import Request.
  Time since last request: 0.000277 seconds.
  path: Assets/Materials/gameicons/PNG/White/1x/door.png
  artifactKey: Guid(6b08afbba96a0a447838c34479f1adbb) Importer(815301076,1909f56bfc062723c751e8b465ee728b)
Start importing Assets/Materials/gameicons/PNG/White/1x/door.png using Guid(6b08afbba96a0a447838c34479f1adbb) Importer(815301076,1909f56bfc062723c751e8b465ee728b)  -> (artifact id: 'e3c2c484561926f5c8a7ecf674f0bd86') in 0.026007 seconds 
========================================================================
Received Import Request.
  Time since last request: 0.000251 seconds.
  path: Assets/Materials/gameicons/PNG/White/1x/buttonStart.png
  artifactKey: Guid(af6f3d9af597de942b26c0f71cda34e0) Importer(815301076,1909f56bfc062723c751e8b465ee728b)
Start importing Assets/Materials/gameicons/PNG/White/1x/buttonStart.png using Guid(af6f3d9af597de942b26c0f71cda34e0) Importer(815301076,1909f56bfc062723c751e8b465ee728b)  -> (artifact id: '3004738a0deff40db6a8bdd1621bef31') in 0.029677 seconds 
========================================================================
Received Import Request.
  Time since last request: 0.000458 seconds.
  path: Assets/Materials/gameicons/PNG/White/1x/barsVertical.png
  artifactKey: Guid(8ee9e8e86792918488596a5f48ffadb6) Importer(815301076,1909f56bfc062723c751e8b465ee728b)
Start importing Assets/Materials/gameicons/PNG/White/1x/barsVertical.png using Guid(8ee9e8e86792918488596a5f48ffadb6) Importer(815301076,1909f56bfc062723c751e8b465ee728b)  -> (artifact id: 'f317fb7c5e6a6865e2a1d31e711923c8') in 0.029486 seconds 
========================================================================
Received Import Request.
  Time since last request: 0.000254 seconds.
  path: Assets/Materials/gameicons/PNG/White/1x/backward.png
  artifactKey: Guid(fa10f27f9ab787a46b8bf139e11dceb0) Importer(815301076,1909f56bfc062723c751e8b465ee728b)
Start importing Assets/Materials/gameicons/PNG/White/1x/backward.png using Guid(fa10f27f9ab787a46b8bf139e11dceb0) Importer(815301076,1909f56bfc062723c751e8b465ee728b)  -> (artifact id: 'ced46a4e638ef2aa2f865726f0510c6c') in 0.030158 seconds 
========================================================================
Received Import Request.
  Time since last request: 0.000290 seconds.
  path: Assets/Materials/gameicons/PNG/White/1x/buttonL1.png
  artifactKey: Guid(f428886fa84bf28419436860a84e1e6a) Importer(815301076,1909f56bfc062723c751e8b465ee728b)
Start importing Assets/Materials/gameicons/PNG/White/1x/buttonL1.png using Guid(f428886fa84bf28419436860a84e1e6a) Importer(815301076,1909f56bfc062723c751e8b465ee728b)  -> (artifact id: '7535b593d9d43e12d0eb5e9ac55cdb34') in 0.130698 seconds 
========================================================================
Received Import Request.
  Time since last request: 0.000260 seconds.
  path: Assets/Materials/gameicons/PNG/White/1x/audioOn.png
  artifactKey: Guid(c7f2581a4259bdd44aabff2c88e4b916) Importer(815301076,1909f56bfc062723c751e8b465ee728b)
Start importing Assets/Materials/gameicons/PNG/White/1x/audioOn.png using Guid(c7f2581a4259bdd44aabff2c88e4b916) Importer(815301076,1909f56bfc062723c751e8b465ee728b)  -> (artifact id: '2b6112cca15be56095d55f747f6bd69f') in 0.023312 seconds 
========================================================================
Received Import Request.
  Time since last request: 0.000282 seconds.
  path: Assets/Materials/gameicons/PNG/White/1x/buttonL2.png
  artifactKey: Guid(4701379644977d94e8842ea532955623) Importer(815301076,1909f56bfc062723c751e8b465ee728b)
Start importing Assets/Materials/gameicons/PNG/White/1x/buttonL2.png using Guid(4701379644977d94e8842ea532955623) Importer(815301076,1909f56bfc062723c751e8b465ee728b)  -> (artifact id: 'fd6b564bf64523e2bd7a6e7b9b675a3b') in 0.023169 seconds 
========================================================================
Received Import Request.
  Time since last request: 0.000469 seconds.
  path: Assets/Materials/gameicons/PNG/White/1x/buttonL.png
  artifactKey: Guid(d6322f275e47c6f47b93edfba8ade152) Importer(815301076,1909f56bfc062723c751e8b465ee728b)
Start importing Assets/Materials/gameicons/PNG/White/1x/buttonL.png using Guid(d6322f275e47c6f47b93edfba8ade152) Importer(815301076,1909f56bfc062723c751e8b465ee728b)  -> (artifact id: '8b168f9ee472b6d51434e427ee616e31') in 0.027401 seconds 
========================================================================
Received Import Request.
  Time since last request: 0.000397 seconds.
  path: Assets/Materials/gameicons/PNG/White/1x/arrowLeft.png
  artifactKey: Guid(9324260c70119314c859898b9e94563b) Importer(815301076,1909f56bfc062723c751e8b465ee728b)
Start importing Assets/Materials/gameicons/PNG/White/1x/arrowLeft.png using Guid(9324260c70119314c859898b9e94563b) Importer(815301076,1909f56bfc062723c751e8b465ee728b)  -> (artifact id: '6bdeecdef98f7540e8829bd8d1e73970') in 0.027381 seconds 
========================================================================
Received Import Request.
  Time since last request: 0.000323 seconds.
  path: Assets/Materials/gameicons/PNG/White/1x/cart.png
  artifactKey: Guid(2e9cfb24ad3a7ca4090790c02e4d8475) Importer(815301076,1909f56bfc062723c751e8b465ee728b)
Start importing Assets/Materials/gameicons/PNG/White/1x/cart.png using Guid(2e9cfb24ad3a7ca4090790c02e4d8475) Importer(815301076,1909f56bfc062723c751e8b465ee728b)  -> (artifact id: '0127f560738c031fc2345290978af407') in 0.033205 seconds 
========================================================================
Received Import Request.
  Time since last request: 0.000358 seconds.
  path: Assets/Materials/gameicons/PNG/White/1x/barsHorizontal.png
  artifactKey: Guid(bcca7ab68c9b33b4bae68a432defa162) Importer(815301076,1909f56bfc062723c751e8b465ee728b)
Start importing Assets/Materials/gameicons/PNG/White/1x/barsHorizontal.png using Guid(bcca7ab68c9b33b4bae68a432defa162) Importer(815301076,1909f56bfc062723c751e8b465ee728b)  -> (artifact id: '25f0abf2bf8af11d434c867669635291') in 0.027058 seconds 
========================================================================
Received Import Request.
  Time since last request: 0.000262 seconds.
  path: Assets/Materials/gameicons/PNG/White/1x/buttonA.png
  artifactKey: Guid(14ac4716d9589d446922130cbd7f7b67) Importer(815301076,1909f56bfc062723c751e8b465ee728b)
Start importing Assets/Materials/gameicons/PNG/White/1x/buttonA.png using Guid(14ac4716d9589d446922130cbd7f7b67) Importer(815301076,1909f56bfc062723c751e8b465ee728b)  -> (artifact id: '64b858d2cc5826e4434b65103cc0d09a') in 0.031195 seconds 
========================================================================
Received Import Request.
  Time since last request: 0.000357 seconds.
  path: Assets/Materials/gameicons/PNG/White/1x/buttonSelect.png
  artifactKey: Guid(b88e4a7fc0001d4429044c7486397cd9) Importer(815301076,1909f56bfc062723c751e8b465ee728b)
Start importing Assets/Materials/gameicons/PNG/White/1x/buttonSelect.png using Guid(b88e4a7fc0001d4429044c7486397cd9) Importer(815301076,1909f56bfc062723c751e8b465ee728b)  -> (artifact id: '545c20f859a4836381d963ac913729fb') in 0.027994 seconds 
========================================================================
Received Import Request.
  Time since last request: 0.000272 seconds.
  path: Assets/Materials/gameicons/PNG/White/1x/contrast.png
  artifactKey: Guid(aabd17f6d3b9c744aabe01607092fcbf) Importer(815301076,1909f56bfc062723c751e8b465ee728b)
Start importing Assets/Materials/gameicons/PNG/White/1x/contrast.png using Guid(aabd17f6d3b9c744aabe01607092fcbf) Importer(815301076,1909f56bfc062723c751e8b465ee728b)  -> (artifact id: '80a8eac9cd1675a807f61fceca8d973c') in 0.027401 seconds 
========================================================================
Received Import Request.
  Time since last request: 0.000267 seconds.
  path: Assets/Materials/gameicons/PNG/White/1x/checkmark.png
  artifactKey: Guid(22492ed060e587b489e01032392e125e) Importer(815301076,1909f56bfc062723c751e8b465ee728b)
Start importing Assets/Materials/gameicons/PNG/White/1x/checkmark.png using Guid(22492ed060e587b489e01032392e125e) Importer(815301076,1909f56bfc062723c751e8b465ee728b)  -> (artifact id: '1a5de20fc90792798bdf268adeb9106b') in 0.025634 seconds 
========================================================================
Received Import Request.
  Time since last request: 0.000257 seconds.
  path: Assets/Materials/gameicons/PNG/White/1x/buttonR2.png
  artifactKey: Guid(daca522b51268b549b3489c673a87984) Importer(815301076,1909f56bfc062723c751e8b465ee728b)
Start importing Assets/Materials/gameicons/PNG/White/1x/buttonR2.png using Guid(daca522b51268b549b3489c673a87984) Importer(815301076,1909f56bfc062723c751e8b465ee728b)  -> (artifact id: '960f549c334ba935a2bfe682976d3a06') in 0.026903 seconds 
========================================================================
Received Import Request.
  Time since last request: 4.593260 seconds.
  path: Assets/Materials/kenney_uiaudio
  artifactKey: Guid(7ce5407790dfaa543ae364aced3355fd) Importer(815301076,1909f56bfc062723c751e8b465ee728b)
Start importing Assets/Materials/kenney_uiaudio using Guid(7ce5407790dfaa543ae364aced3355fd) Importer(815301076,1909f56bfc062723c751e8b465ee728b)  -> (artifact id: '89c9404355633d9dc51a8f320be9be20') in 0.014238 seconds 
========================================================================
Received Import Request.
  Time since last request: 0.044839 seconds.
  path: Assets/Materials/kenney_uiaudio/Preview.ogg
  artifactKey: Guid(b8cf7359faf040541b707768ca6f37e4) Importer(815301076,1909f56bfc062723c751e8b465ee728b)
Start importing Assets/Materials/kenney_uiaudio/Preview.ogg using Guid(b8cf7359faf040541b707768ca6f37e4) Importer(815301076,1909f56bfc062723c751e8b465ee728b)  -> (artifact id: '3ec969328dd3de6ae2436cb023f10d51') in 0.176514 seconds 
========================================================================
Received Import Request.
  Time since last request: 0.690565 seconds.
  path: Assets/Materials/kenney_uiaudio/Visit Patreon.url
  artifactKey: Guid(dc4c91050998e7b4883bac6e14e5d8e5) Importer(815301076,1909f56bfc062723c751e8b465ee728b)
Start importing Assets/Materials/kenney_uiaudio/Visit Patreon.url using Guid(dc4c91050998e7b4883bac6e14e5d8e5) Importer(815301076,1909f56bfc062723c751e8b465ee728b)  -> (artifact id: '3986c9d8edd341c77931d623ad82419f') in 0.040215 seconds 
========================================================================
Received Import Request.
  Time since last request: 3.078575 seconds.
  path: Assets/Materials/kenney_uiaudio/Audio
  artifactKey: Guid(abce9a277993f3349a4065b2fced6dbb) Importer(815301076,1909f56bfc062723c751e8b465ee728b)
Start importing Assets/Materials/kenney_uiaudio/Audio using Guid(abce9a277993f3349a4065b2fced6dbb) Importer(815301076,1909f56bfc062723c751e8b465ee728b)  -> (artifact id: '61320e2e0acdb7f2e315f91d563443a3') in 0.012594 seconds 
========================================================================
Received Import Request.
  Time since last request: 0.065719 seconds.
  path: Assets/Materials/kenney_uiaudio/Audio/click1.ogg
  artifactKey: Guid(5208acd103b77e44bb6e0d581916264a) Importer(815301076,1909f56bfc062723c751e8b465ee728b)
Start importing Assets/Materials/kenney_uiaudio/Audio/click1.ogg using Guid(5208acd103b77e44bb6e0d581916264a) Importer(815301076,1909f56bfc062723c751e8b465ee728b)  -> (artifact id: 'f6bcaa31d231ddddaa21899c0df74ad3') in 0.017808 seconds 
========================================================================
Received Import Request.
  Time since last request: 0.000269 seconds.
  path: Assets/Materials/kenney_uiaudio/Audio/click3.ogg
  artifactKey: Guid(8395db4b0bfe2444a938b315796c3043) Importer(815301076,1909f56bfc062723c751e8b465ee728b)
Start importing Assets/Materials/kenney_uiaudio/Audio/click3.ogg using Guid(8395db4b0bfe2444a938b315796c3043) Importer(815301076,1909f56bfc062723c751e8b465ee728b)  -> (artifact id: '1678cb178e9b71fa85b9abdd8ad84ffb') in 0.029315 seconds 
========================================================================
Received Import Request.
  Time since last request: 0.000365 seconds.
  path: Assets/Materials/kenney_uiaudio/Audio/mouserelease1.ogg
  artifactKey: Guid(969df1f0832edd0429bde3540f672bd2) Importer(815301076,1909f56bfc062723c751e8b465ee728b)
Start importing Assets/Materials/kenney_uiaudio/Audio/mouserelease1.ogg using Guid(969df1f0832edd0429bde3540f672bd2) Importer(815301076,1909f56bfc062723c751e8b465ee728b)  -> (artifact id: '2c0ce261137ebbbff3b5f4cb1e5e3307') in 0.024010 seconds 
========================================================================
Received Import Request.
  Time since last request: 0.000300 seconds.
  path: Assets/Materials/kenney_uiaudio/Audio/switch13.ogg
  artifactKey: Guid(871bfb543cffc174589a62b46d85394b) Importer(815301076,1909f56bfc062723c751e8b465ee728b)
Start importing Assets/Materials/kenney_uiaudio/Audio/switch13.ogg using Guid(871bfb543cffc174589a62b46d85394b) Importer(815301076,1909f56bfc062723c751e8b465ee728b)  -> (artifact id: 'ee373e178625d1e87005ea7b2e87fa07') in 0.020558 seconds 
========================================================================
Received Import Request.
  Time since last request: 0.000301 seconds.
  path: Assets/Materials/kenney_uiaudio/Audio/switch14.ogg
  artifactKey: Guid(6c5f59792bdfe244d904a2046135b0cd) Importer(815301076,1909f56bfc062723c751e8b465ee728b)
Start importing Assets/Materials/kenney_uiaudio/Audio/switch14.ogg using Guid(6c5f59792bdfe244d904a2046135b0cd) Importer(815301076,1909f56bfc062723c751e8b465ee728b)  -> (artifact id: '34b9b41dfd09382387f175d8f1fe9074') in 0.029227 seconds 
========================================================================
Received Import Request.
  Time since last request: 0.001592 seconds.
  path: Assets/Materials/kenney_uiaudio/Audio/rollover2.ogg
  artifactKey: Guid(d40b57d0c7e0ec44887b4a28ad453ac4) Importer(815301076,1909f56bfc062723c751e8b465ee728b)
Start importing Assets/Materials/kenney_uiaudio/Audio/rollover2.ogg using Guid(d40b57d0c7e0ec44887b4a28ad453ac4) Importer(815301076,1909f56bfc062723c751e8b465ee728b)  -> (artifact id: '63e38c6f3bc68bbdc65e363260e9fb76') in 0.021076 seconds 
========================================================================
Received Import Request.
  Time since last request: 0.000364 seconds.
  path: Assets/Materials/kenney_uiaudio/Audio/rollover3.ogg
  artifactKey: Guid(0177e5ef3c40ebf439a1a307d9a8a978) Importer(815301076,1909f56bfc062723c751e8b465ee728b)
Start importing Assets/Materials/kenney_uiaudio/Audio/rollover3.ogg using Guid(0177e5ef3c40ebf439a1a307d9a8a978) Importer(815301076,1909f56bfc062723c751e8b465ee728b)  -> (artifact id: '78b431b922056b06c969767172ab1080') in 0.023724 seconds 
========================================================================
Received Import Request.
  Time since last request: 0.000284 seconds.
  path: Assets/Materials/kenney_uiaudio/Audio/switch1.ogg
  artifactKey: Guid(c415d127fa569b44c9823de4c3adb7d3) Importer(815301076,1909f56bfc062723c751e8b465ee728b)
Start importing Assets/Materials/kenney_uiaudio/Audio/switch1.ogg using Guid(c415d127fa569b44c9823de4c3adb7d3) Importer(815301076,1909f56bfc062723c751e8b465ee728b)  -> (artifact id: '5ef5cf96295609dbc4e29c4c6e9b5469') in 0.027431 seconds 
========================================================================
Received Import Request.
  Time since last request: 0.000272 seconds.
  path: Assets/Materials/kenney_uiaudio/Audio/rollover5.ogg
  artifactKey: Guid(45064d6c4e2ee73409ca12646b8a2c43) Importer(815301076,1909f56bfc062723c751e8b465ee728b)
Start importing Assets/Materials/kenney_uiaudio/Audio/rollover5.ogg using Guid(45064d6c4e2ee73409ca12646b8a2c43) Importer(815301076,1909f56bfc062723c751e8b465ee728b)  -> (artifact id: 'e527161d437c9eb0543e5f8322248d9d') in 0.047133 seconds 
========================================================================
Received Import Request.
  Time since last request: 0.000253 seconds.
  path: Assets/Materials/kenney_uiaudio/Audio/switch16.ogg
  artifactKey: Guid(e4596e16a29cd1942a6106535dbe42ec) Importer(815301076,1909f56bfc062723c751e8b465ee728b)
Start importing Assets/Materials/kenney_uiaudio/Audio/switch16.ogg using Guid(e4596e16a29cd1942a6106535dbe42ec) Importer(815301076,1909f56bfc062723c751e8b465ee728b)  -> (artifact id: '480f6b62ccea31d4f5fc70432a841b06') in 0.049189 seconds 
========================================================================
Received Import Request.
  Time since last request: 0.000263 seconds.
  path: Assets/Materials/kenney_uiaudio/Audio/click4.ogg
  artifactKey: Guid(ce9b4cf8b1f34fb4ea76afdad587cfa2) Importer(815301076,1909f56bfc062723c751e8b465ee728b)
Start importing Assets/Materials/kenney_uiaudio/Audio/click4.ogg using Guid(ce9b4cf8b1f34fb4ea76afdad587cfa2) Importer(815301076,1909f56bfc062723c751e8b465ee728b)  -> (artifact id: 'c0641f0714b9124ba02f869647fbba25') in 0.031930 seconds 
========================================================================
Received Import Request.
  Time since last request: 0.000283 seconds.
  path: Assets/Materials/kenney_uiaudio/Audio/click5.ogg
  artifactKey: Guid(0197a1c5c4db0de42901115a17d11cba) Importer(815301076,1909f56bfc062723c751e8b465ee728b)
Start importing Assets/Materials/kenney_uiaudio/Audio/click5.ogg using Guid(0197a1c5c4db0de42901115a17d11cba) Importer(815301076,1909f56bfc062723c751e8b465ee728b)  -> (artifact id: '682a73c47748351f4ada91189e58c77c') in 0.026436 seconds 
========================================================================
Received Import Request.
  Time since last request: 0.000258 seconds.
  path: Assets/Materials/kenney_uiaudio/Audio/switch2.ogg
  artifactKey: Guid(b2750e556a5bfe44391ae7c12e8329ef) Importer(815301076,1909f56bfc062723c751e8b465ee728b)
Start importing Assets/Materials/kenney_uiaudio/Audio/switch2.ogg using Guid(b2750e556a5bfe44391ae7c12e8329ef) Importer(815301076,1909f56bfc062723c751e8b465ee728b)  -> (artifact id: '18be1d35139fc74ab209d175d740b20c') in 0.026003 seconds 
========================================================================
Received Import Request.
  Time since last request: 0.000331 seconds.
  path: Assets/Materials/kenney_uiaudio/Audio/switch17.ogg
  artifactKey: Guid(e6ae7374cd00b304fa72fa7be2bb50a9) Importer(815301076,1909f56bfc062723c751e8b465ee728b)
Start importing Assets/Materials/kenney_uiaudio/Audio/switch17.ogg using Guid(e6ae7374cd00b304fa72fa7be2bb50a9) Importer(815301076,1909f56bfc062723c751e8b465ee728b)  -> (artifact id: 'f4ef8d044e088cf0626295c6dfd18341') in 0.025861 seconds 
========================================================================
Received Import Request.
  Time since last request: 0.000276 seconds.
  path: Assets/Materials/kenney_uiaudio/Audio/rollover1.ogg
  artifactKey: Guid(d89273758e7855c48a7a2928d9887a93) Importer(815301076,1909f56bfc062723c751e8b465ee728b)
Start importing Assets/Materials/kenney_uiaudio/Audio/rollover1.ogg using Guid(d89273758e7855c48a7a2928d9887a93) Importer(815301076,1909f56bfc062723c751e8b465ee728b)  -> (artifact id: '2e08ddb007c6b15b300eea6e30d5d41f') in 0.021200 seconds 
========================================================================
Received Import Request.
  Time since last request: 0.000366 seconds.
  path: Assets/Materials/kenney_uiaudio/Audio/rollover4.ogg
  artifactKey: Guid(cd3e34602ee99064ba1434becf4df689) Importer(815301076,1909f56bfc062723c751e8b465ee728b)
Start importing Assets/Materials/kenney_uiaudio/Audio/rollover4.ogg using Guid(cd3e34602ee99064ba1434becf4df689) Importer(815301076,1909f56bfc062723c751e8b465ee728b)  -> (artifact id: '08e29e43b28b4db72ae8a40f4ef0dc90') in 0.021582 seconds 
========================================================================
Received Import Request.
  Time since last request: 0.000274 seconds.
  path: Assets/Materials/kenney_uiaudio/Audio/switch5.ogg
  artifactKey: Guid(f8b973063d7b9ea4591f13b9f2b143bf) Importer(815301076,1909f56bfc062723c751e8b465ee728b)
Start importing Assets/Materials/kenney_uiaudio/Audio/switch5.ogg using Guid(f8b973063d7b9ea4591f13b9f2b143bf) Importer(815301076,1909f56bfc062723c751e8b465ee728b)  -> (artifact id: 'e7c28e7c42bd63f9300ce9d3d7891a01') in 0.022314 seconds 
========================================================================
Received Import Request.
  Time since last request: 0.000310 seconds.
  path: Assets/Materials/kenney_uiaudio/Audio/switch8.ogg
  artifactKey: Guid(a46090942d8bbed48af34ae06893ceb7) Importer(815301076,1909f56bfc062723c751e8b465ee728b)
Start importing Assets/Materials/kenney_uiaudio/Audio/switch8.ogg using Guid(a46090942d8bbed48af34ae06893ceb7) Importer(815301076,1909f56bfc062723c751e8b465ee728b)  -> (artifact id: '5d63d2553bd1f1b611aa561460c27fc4') in 0.024482 seconds 
========================================================================
Received Import Request.
  Time since last request: 0.000405 seconds.
  path: Assets/Materials/kenney_uiaudio/Audio/rollover6.ogg
  artifactKey: Guid(396a838bb97898743b27c5c9819ad447) Importer(815301076,1909f56bfc062723c751e8b465ee728b)
Start importing Assets/Materials/kenney_uiaudio/Audio/rollover6.ogg using Guid(396a838bb97898743b27c5c9819ad447) Importer(815301076,1909f56bfc062723c751e8b465ee728b)  -> (artifact id: '1dacb30106c907b90373fde1691cedf5') in 0.023567 seconds 
========================================================================
Received Import Request.
  Time since last request: 0.000305 seconds.
  path: Assets/Materials/kenney_uiaudio/Audio/switch15.ogg
  artifactKey: Guid(a45cb3b4972c8bc449bb83ead8892f11) Importer(815301076,1909f56bfc062723c751e8b465ee728b)
Start importing Assets/Materials/kenney_uiaudio/Audio/switch15.ogg using Guid(a45cb3b4972c8bc449bb83ead8892f11) Importer(815301076,1909f56bfc062723c751e8b465ee728b)  -> (artifact id: 'b232d882a01888f456130269efdee68a') in 0.022472 seconds 
========================================================================
Received Import Request.
  Time since last request: 0.000320 seconds.
  path: Assets/Materials/kenney_uiaudio/Audio/switch11.ogg
  artifactKey: Guid(15071e2c517449740bc432837c8082d1) Importer(815301076,1909f56bfc062723c751e8b465ee728b)
Start importing Assets/Materials/kenney_uiaudio/Audio/switch11.ogg using Guid(15071e2c517449740bc432837c8082d1) Importer(815301076,1909f56bfc062723c751e8b465ee728b)  -> (artifact id: '0ed5c9f6e6f56ecc31d0484a31cc12a5') in 0.023756 seconds 
========================================================================
Received Import Request.
  Time since last request: 0.000295 seconds.
  path: Assets/Materials/kenney_uiaudio/Audio/switch10.ogg
  artifactKey: Guid(e93fcd9915d2d0f4b84c303791e2cf1b) Importer(815301076,1909f56bfc062723c751e8b465ee728b)
Start importing Assets/Materials/kenney_uiaudio/Audio/switch10.ogg using Guid(e93fcd9915d2d0f4b84c303791e2cf1b) Importer(815301076,1909f56bfc062723c751e8b465ee728b)  -> (artifact id: '35251bfc68a1d20f71d438e94d58e0f4') in 0.026495 seconds 
========================================================================
Received Import Request.
  Time since last request: 0.000302 seconds.
  path: Assets/Materials/kenney_uiaudio/Audio/switch3.ogg
  artifactKey: Guid(219947877e23bb142bd3de5893628a00) Importer(815301076,1909f56bfc062723c751e8b465ee728b)
Start importing Assets/Materials/kenney_uiaudio/Audio/switch3.ogg using Guid(219947877e23bb142bd3de5893628a00) Importer(815301076,1909f56bfc062723c751e8b465ee728b)  -> (artifact id: '88d8f65f5e3cdab8836c2bb53d1f926b') in 0.022590 seconds 
========================================================================
Received Import Request.
  Time since last request: 0.000253 seconds.
  path: Assets/Materials/kenney_uiaudio/Audio/click2.ogg
  artifactKey: Guid(930b32cd42206eb489ead80c07735e62) Importer(815301076,1909f56bfc062723c751e8b465ee728b)
Start importing Assets/Materials/kenney_uiaudio/Audio/click2.ogg using Guid(930b32cd42206eb489ead80c07735e62) Importer(815301076,1909f56bfc062723c751e8b465ee728b)  -> (artifact id: '32368bfbe88b1ba21aac2a6bb02759d0') in 0.023948 seconds 
========================================================================
Received Import Request.
  Time since last request: 0.000266 seconds.
  path: Assets/Materials/kenney_uiaudio/Audio/switch7.ogg
  artifactKey: Guid(429b99e5e74c6444ea30669d84879db9) Importer(815301076,1909f56bfc062723c751e8b465ee728b)
Start importing Assets/Materials/kenney_uiaudio/Audio/switch7.ogg using Guid(429b99e5e74c6444ea30669d84879db9) Importer(815301076,1909f56bfc062723c751e8b465ee728b)  -> (artifact id: 'd5fdc5182ba4f0c0680b160fb74bac08') in 0.027160 seconds 
========================================================================
Received Import Request.
  Time since last request: 0.000267 seconds.
  path: Assets/Materials/kenney_uiaudio/Audio/switch4.ogg
  artifactKey: Guid(2468ac3af3f12da4096cc9ff73c40646) Importer(815301076,1909f56bfc062723c751e8b465ee728b)
Start importing Assets/Materials/kenney_uiaudio/Audio/switch4.ogg using Guid(2468ac3af3f12da4096cc9ff73c40646) Importer(815301076,1909f56bfc062723c751e8b465ee728b)  -> (artifact id: 'c5b50b845fcaa7f90a4acd8110050ce1') in 0.023743 seconds 
========================================================================
Received Import Request.
  Time since last request: 0.000273 seconds.
  path: Assets/Materials/kenney_uiaudio/Audio/switch6.ogg
  artifactKey: Guid(2a608e810db7d734d90c3e8f147fbe6c) Importer(815301076,1909f56bfc062723c751e8b465ee728b)
Start importing Assets/Materials/kenney_uiaudio/Audio/switch6.ogg using Guid(2a608e810db7d734d90c3e8f147fbe6c) Importer(815301076,1909f56bfc062723c751e8b465ee728b)  -> (artifact id: 'e71dff41ddb3e5a460d0197ccd872d24') in 0.023245 seconds 
========================================================================
Received Import Request.
  Time since last request: 0.000254 seconds.
  path: Assets/Materials/kenney_uiaudio/Audio/mouseclick1.ogg
  artifactKey: Guid(6c5bfb93981d4d5419970a7176a201a9) Importer(815301076,1909f56bfc062723c751e8b465ee728b)
Start importing Assets/Materials/kenney_uiaudio/Audio/mouseclick1.ogg using Guid(6c5bfb93981d4d5419970a7176a201a9) Importer(815301076,1909f56bfc062723c751e8b465ee728b)  -> (artifact id: '3f33eaff21f7ed6849d8aae99b6925f2') in 0.023692 seconds 
========================================================================
Received Import Request.
  Time since last request: 0.000263 seconds.
  path: Assets/Materials/kenney_uiaudio/Audio/switch18.ogg
  artifactKey: Guid(a2d3f88436b14af4bacb08b9d726a556) Importer(815301076,1909f56bfc062723c751e8b465ee728b)
Start importing Assets/Materials/kenney_uiaudio/Audio/switch18.ogg using Guid(a2d3f88436b14af4bacb08b9d726a556) Importer(815301076,1909f56bfc062723c751e8b465ee728b)  -> (artifact id: 'a74888f892458c7168efb308c7890423') in 0.022951 seconds 
========================================================================
Received Import Request.
  Time since last request: 0.000429 seconds.
  path: Assets/Materials/kenney_uiaudio/Audio/switch12.ogg
  artifactKey: Guid(28a43ff835fe6824bbd8fafd2043a9e7) Importer(815301076,1909f56bfc062723c751e8b465ee728b)
Start importing Assets/Materials/kenney_uiaudio/Audio/switch12.ogg using Guid(28a43ff835fe6824bbd8fafd2043a9e7) Importer(815301076,1909f56bfc062723c751e8b465ee728b)  -> (artifact id: 'b472c57a7aba976ba6fb7be957e4be0c') in 0.024770 seconds 
========================================================================
Received Import Request.
  Time since last request: 0.000287 seconds.
  path: Assets/Materials/kenney_uiaudio/Audio/switch9.ogg
  artifactKey: Guid(23e0880ac75bed547ba358720f79628e) Importer(815301076,1909f56bfc062723c751e8b465ee728b)
Start importing Assets/Materials/kenney_uiaudio/Audio/switch9.ogg using Guid(23e0880ac75bed547ba358720f79628e) Importer(815301076,1909f56bfc062723c751e8b465ee728b)  -> (artifact id: '9cc2e72bc437a3b4b0775c35ea7443cc') in 0.024625 seconds 
========================================================================
Received Import Request.
  Time since last request: 1.303005 seconds.
  path: Assets/Materials/uipack_fixed
  artifactKey: Guid(d4e9f308381d1e145a59c4f3f45cde7b) Importer(815301076,1909f56bfc062723c751e8b465ee728b)
Start importing Assets/Materials/uipack_fixed using Guid(d4e9f308381d1e145a59c4f3f45cde7b) Importer(815301076,1909f56bfc062723c751e8b465ee728b)  -> (artifact id: '2b0d41afb7fca467bc72695d19895ced') in 0.013553 seconds 
========================================================================
Received Import Request.
  Time since last request: 0.046288 seconds.
  path: Assets/Materials/uipack_fixed/preview.png
  artifactKey: Guid(be3a64149c10e6141ac32965766482a0) Importer(815301076,1909f56bfc062723c751e8b465ee728b)
Start importing Assets/Materials/uipack_fixed/preview.png using Guid(be3a64149c10e6141ac32965766482a0) Importer(815301076,1909f56bfc062723c751e8b465ee728b)  -> (artifact id: '3094e4116e56d24b973f9c6ad45e2bb6') in 0.025755 seconds 
========================================================================
Received Import Request.
  Time since last request: 0.000317 seconds.
  path: Assets/Materials/uipack_fixed/sample.png
  artifactKey: Guid(f2deb21eafab31a409477c63ab4f43fe) Importer(815301076,1909f56bfc062723c751e8b465ee728b)
Start importing Assets/Materials/uipack_fixed/sample.png using Guid(f2deb21eafab31a409477c63ab4f43fe) Importer(815301076,1909f56bfc062723c751e8b465ee728b)  -> (artifact id: 'b1dfbd298181dcdfee451581c84a6bfc') in 0.033690 seconds 
AssetImportWorkerClient::OnTransportError - code=2 error=End of file
